#
# There is insufficient memory for the Java Runtime Environment to continue.
# Native memory allocation (mmap) failed to map 144703488 bytes for Failed to commit area from 0x00000000c9b00000 to 0x00000000d2500000 of length 144703488.
# Possible reasons:
#   The system is out of physical RAM or swap space
#   The process is running with CompressedOops enabled, and the Java Heap may be blocking the growth of the native heap
# Possible solutions:
#   Reduce memory load on the system
#   Increase physical memory or swap space
#   Check if swap backing store is full
#   Decrease Java heap size (-Xmx/-Xms)
#   Decrease number of Java threads
#   Decrease Java thread stack sizes (-Xss)
#   Set larger code cache with -XX:ReservedCodeCacheSize=
#   JVM is running with Unscaled Compressed Oops mode in which the Java heap is
#     placed in the first 4GB address space. The Java Heap base address is the
#     maximum limit for the native heap growth. Please use -XX:HeapBaseMinAddress
#     to set the Java Heap base and to place the Java Heap above 4GB virtual address.
# This output file may be truncated or incomplete.
#
#  Out of Memory Error (t:/workspace/open/src/hotspot/os/windows/os_windows.cpp:3271), pid=4588, tid=7572
#
# JRE version: Java(TM) SE Runtime Environment (11.0.6+8) (build 11.0.6+8-LTS)
# Java VM: Java HotSpot(TM) 64-Bit Server VM (11.0.6+8-LTS, mixed mode, tiered, compressed oops, g1 gc, windows-amd64)
# No core dump will be written. Minidumps are not enabled by default on client versions of Windows
#

---------------  S U M M A R Y ------------

Command Line: --add-modules=ALL-SYSTEM --add-opens=java.base/java.util=ALL-UNNAMED --add-opens=java.base/java.lang=ALL-UNNAMED -Declipse.application=org.eclipse.jdt.ls.core.id1 -Dosgi.bundles.defaultStartLevel=4 -Declipse.product=org.eclipse.jdt.ls.core.product -Dfile.encoding=utf8 -DwatchParentProcess=false -Xverify:none -Xmx1G -XX:+UseG1GC -XX:+UseStringDeduplication c:\Users\Nasteexo\.vscode\extensions\redhat.java-0.55.1\server\plugins\org.eclipse.equinox.launcher_1.5.600.v20191014-2022.jar -configuration c:\Users\Nasteexo\.vscode\extensions\redhat.java-0.55.1\server\config_win -data c:\Users\Nasteexo\AppData\Roaming\Code\User\workspaceStorage\d71d3692b119f11000b5b6f3c3e07b40\redhat.java\jdt_ws

Host: Intel(R) Core(TM) i3-4020Y CPU @ 1.50GHz, 4 cores, 3G,  Windows 8.1 , 64 bit Build 9600 (6.3.9600.17415)
Time: Tue Feb 18 15:32:24 2020 GMT Standard Time elapsed time: 42 seconds (0d 0h 0m 42s)

---------------  T H R E A D  ---------------

Current thread (0x000000254ef1f000):  VMThread "VM Thread" [stack: 0x000000254fa50000,0x000000254fb50000] [id=7572]

Stack: [0x000000254fa50000,0x000000254fb50000]
[error occurred during error reporting (printing stack bounds), id 0xc0000005, EXCEPTION_ACCESS_VIOLATION (0xc0000005) at pc=0x000000253b110bad]

Native frames: (J=compiled Java code, j=interpreted, Vv=VM code, C=native code)
V  [jvm.dll+0x63679a]
V  [jvm.dll+0x7755bf]
V  [jvm.dll+0x776c65]
V  [jvm.dll+0x777235]
V  [jvm.dll+0x7771eb]
V  [jvm.dll+0x635e96]
V  [jvm.dll+0x636268]
C  [ntdll.dll+0x9341d]
C  [ntdll.dll+0x54857]
C  [ntdll.dll+0x925aa]
C  0x000000253b110bad

VM_Operation (0x000000255348e0c0): G1CollectForAllocation, mode: safepoint, requested by thread 0x0000002550f18000


---------------  P R O C E S S  ---------------

Threads class SMR info:
_java_thread_list=0x0000002551cf2560, length=28, elements={
0x0000002532daf000, 0x000000254ef24000, 0x000000254fc92800, 0x000000254fc94000,
0x000000254fc95000, 0x000000254fc99800, 0x000000254fc9e000, 0x000000254ef48000,
0x000000254fd58000, 0x000000254ff05800, 0x0000002551a6c000, 0x00000025518ff800,
0x00000025518bc800, 0x0000002550a27000, 0x00000025538bb000, 0x0000002552455000,
0x0000002550f15800, 0x0000002550f18000, 0x0000002550f17000, 0x0000002550f18800,
0x0000002550f16000, 0x0000002553b89000, 0x0000002553b89800, 0x0000002553b88000,
0x0000002553b8d000, 0x0000002553b8c000, 0x0000002553b8a800, 0x0000002555790800
}

Java Threads: ( => current thread )
  0x0000002532daf000 JavaThread "main" [_thread_blocked, id=2140, stack(0x0000002530d20000,0x0000002530e20000)]
  0x000000254ef24000 JavaThread "Reference Handler" daemon [_thread_blocked, id=584, stack(0x000000254fb50000,0x000000254fc50000)]
  0x000000254fc92800 JavaThread "Finalizer" daemon [_thread_blocked, id=3384, stack(0x0000002550050000,0x0000002550150000)]
  0x000000254fc94000 JavaThread "Signal Dispatcher" daemon [_thread_blocked, id=2780, stack(0x0000002550150000,0x0000002550250000)]
  0x000000254fc95000 JavaThread "Attach Listener" daemon [_thread_blocked, id=4720, stack(0x0000002550250000,0x0000002550350000)]
  0x000000254fc99800 JavaThread "C2 CompilerThread0" daemon [_thread_in_native, id=7836, stack(0x0000002550350000,0x0000002550450000)]
  0x000000254fc9e000 JavaThread "C1 CompilerThread0" daemon [_thread_blocked, id=2840, stack(0x0000002550450000,0x0000002550550000)]
  0x000000254ef48000 JavaThread "Sweeper thread" daemon [_thread_blocked, id=4828, stack(0x0000002550550000,0x0000002550650000)]
  0x000000254fd58000 JavaThread "Common-Cleaner" daemon [_thread_blocked, id=4432, stack(0x0000002550650000,0x0000002550750000)]
  0x000000254ff05800 JavaThread "Service Thread" daemon [_thread_blocked, id=2332, stack(0x0000002550750000,0x0000002550850000)]
  0x0000002551a6c000 JavaThread "Active Thread: Equinox Container: f836bdc0-5937-4fb7-b01d-833725b54e0b" [_thread_blocked, id=2224, stack(0x0000002552af0000,0x0000002552bf0000)]
  0x00000025518ff800 JavaThread "Framework Event Dispatcher: Equinox Container: f836bdc0-5937-4fb7-b01d-833725b54e0b" daemon [_thread_blocked, id=4620, stack(0x0000002551720000,0x0000002551820000)]
  0x00000025518bc800 JavaThread "Start Level: Equinox Container: f836bdc0-5937-4fb7-b01d-833725b54e0b" daemon [_thread_blocked, id=1392, stack(0x0000002552bf0000,0x0000002552cf0000)]
  0x0000002550a27000 JavaThread "Refresh Thread: Equinox Container: f836bdc0-5937-4fb7-b01d-833725b54e0b" daemon [_thread_blocked, id=3076, stack(0x0000002553490000,0x0000002553590000)]
  0x00000025538bb000 JavaThread "Worker-JM" [_thread_blocked, id=4104, stack(0x0000002554d30000,0x0000002554e30000)]
  0x0000002552455000 JavaThread "Worker-0" [_thread_blocked, id=4200, stack(0x0000002554910000,0x0000002554a10000)]
  0x0000002550f15800 JavaThread "Worker-1" [_thread_blocked, id=8132, stack(0x0000002554a10000,0x0000002554b10000)]
  0x0000002550f18000 JavaThread "Java indexing" daemon [_thread_blocked, id=3644, stack(0x0000002553390000,0x0000002553490000)]
  0x0000002550f17000 JavaThread "Bundle File Closer" daemon [_thread_blocked, id=6396, stack(0x0000002554e30000,0x0000002554f30000)]
  0x0000002550f18800 JavaThread "Worker-2: Java indexing... " [_thread_blocked, id=5256, stack(0x0000002556a30000,0x0000002556b30000)]
  0x0000002550f16000 JavaThread "pool-1-thread-1" [_thread_blocked, id=6956, stack(0x0000002557160000,0x0000002557260000)]
  0x0000002553b89000 JavaThread "Worker-3" [_thread_blocked, id=4808, stack(0x0000002557860000,0x0000002557960000)]
  0x0000002553b89800 JavaThread "Worker-4" [_thread_blocked, id=7452, stack(0x0000002558f80000,0x0000002559080000)]
  0x0000002553b88000 JavaThread "Worker-5" [_thread_blocked, id=4380, stack(0x0000002558c30000,0x0000002558d30000)]
  0x0000002553b8d000 JavaThread "ForkJoinPool.commonPool-worker-3" daemon [_thread_blocked, id=5384, stack(0x00000025632c0000,0x00000025633c0000)]
  0x0000002553b8c000 JavaThread "ForkJoinPool.commonPool-worker-5" daemon [_thread_blocked, id=6568, stack(0x00000025634c0000,0x00000025635c0000)]
  0x0000002553b8a800 JavaThread "ForkJoinPool.commonPool-worker-7" daemon [_thread_blocked, id=3420, stack(0x0000002563080000,0x0000002563180000)]
  0x0000002555790800 JavaThread "C2 CompilerThread1" daemon [_thread_blocked, id=7308, stack(0x0000002557470000,0x0000002557570000)]

Other Threads:
=>0x000000254ef1f000 VMThread "VM Thread" [stack: 0x000000254fa50000,0x000000254fb50000] [id=7572]
  0x000000254ff06800 WatcherThread [stack: 0x0000002551050000,0x0000002551150000] [id=3656]
  0x0000002532dc6800 GCTaskThread "GC Thread#0" [stack: 0x0000002532740000,0x0000002532840000] [id=464]
  0x000000255001b800 GCTaskThread "GC Thread#1" [stack: 0x00000025527f0000,0x00000025528f0000] [id=7492]
  0x00000025524d4800 GCTaskThread "GC Thread#2" [stack: 0x0000002553690000,0x0000002553790000] [id=7440]
  0x00000025522fc800 GCTaskThread "GC Thread#3" [stack: 0x0000002554810000,0x0000002554910000] [id=1368]
  0x0000002532de4000 ConcurrentGCThread "G1 Main Marker" [stack: 0x000000254c710000,0x000000254c810000] [id=1300]
  0x0000002532de7800 ConcurrentGCThread "G1 Conc#0" [stack: 0x000000254c810000,0x000000254c910000] [id=3504]
  0x000000254ed71800 ConcurrentGCThread "G1 Refine#0" [stack: 0x000000254ef50000,0x000000254f050000] [id=2564]
  0x000000255810f800 ConcurrentGCThread "G1 Refine#1" [stack: 0x0000002556730000,0x0000002556830000] [id=5192]
  0x000000255566c000 ConcurrentGCThread "G1 Refine#2" [stack: 0x0000002557260000,0x0000002557360000] [id=1420]
  0x000000255276f000 ConcurrentGCThread "G1 Refine#3" [stack: 0x0000002562530000,0x0000002562630000] [id=5896]
  0x0000002532e5c000 ConcurrentGCThread "G1 Young RemSet Sampling" [stack: 0x000000254f050000,0x000000254f150000] [id=7416]
  0x000000254ed79800 ConcurrentGCThread "StrDedup" [stack: 0x000000254f150000,0x000000254f250000] [id=7336]

Threads with active compile tasks:
C2 CompilerThread07456       4       org.eclipse.jdt.internal.compiler.lookup.BinaryTypeBinding::createMethod (1613 bytes)
C2 CompilerThread17577       4       org.eclipse.jdt.internal.core.search.matching.MethodDeclarationPattern::createDeclarationIndexKey (387 bytes)

VM state:at safepoint (normal execution)

VM Mutex/Monitor currently owned by a thread:  ([mutex/lock_event])
[0x0000002532dae1f0] Threads_lock - owner thread: 0x000000254ef1f000
[0x0000002532dad590] Heap_lock - owner thread: 0x0000002550f18000

Heap address: 0x00000000c0000000, size: 1024 MB, Compressed Oops mode: 32-bit
Narrow klass base: 0x0000000000000000, Narrow klass shift: 3
Compressed class space size: 1073741824 Address: 0x0000000100000000

Heap:
 garbage-first heap   total 300032K, used 90020K [0x00000000c0000000, 0x0000000100000000)
  region size 1024K, 1 young (1024K), 1 survivors (1024K)
 Metaspace       used 61308K, capacity 64137K, committed 64336K, reserved 1105920K
  class space    used 6098K, capacity 7117K, committed 7168K, reserved 1048576K
Heap Regions: E=young(eden), S=young(survivor), O=old, HS=humongous(starts), HC=humongous(continues), CS=collection set, F=free, A=archive, TAMS=top-at-mark-start (previous, next)
|   0|0x00000000c0000000, 0x00000000c0100000, 0x00000000c0100000|100%| O|  |TAMS 0x00000000c0100000, 0x00000000c0000000| Untracked 
|   1|0x00000000c0100000, 0x00000000c0200000, 0x00000000c0200000|100%| O|  |TAMS 0x00000000c0200000, 0x00000000c0100000| Complete 
|   2|0x00000000c0200000, 0x00000000c0300000, 0x00000000c0300000|100%| O|  |TAMS 0x00000000c0300000, 0x00000000c0200000| Complete 
|   3|0x00000000c0300000, 0x00000000c0400000, 0x00000000c0400000|100%| O|  |TAMS 0x00000000c0400000, 0x00000000c0300000| Complete 
|   4|0x00000000c0400000, 0x00000000c0500000, 0x00000000c0500000|100%| O|  |TAMS 0x00000000c0500000, 0x00000000c0400000| Complete 
|   5|0x00000000c0500000, 0x00000000c0600000, 0x00000000c0600000|100%| O|  |TAMS 0x00000000c0600000, 0x00000000c0500000| Complete 
|   6|0x00000000c0600000, 0x00000000c0700000, 0x00000000c0700000|100%| O|  |TAMS 0x00000000c0700000, 0x00000000c0600000| Complete 
|   7|0x00000000c0700000, 0x00000000c0800000, 0x00000000c0800000|100%| O|  |TAMS 0x00000000c0800000, 0x00000000c0700000| Untracked 
|   8|0x00000000c0800000, 0x00000000c0900000, 0x00000000c0900000|100%| O|  |TAMS 0x00000000c0900000, 0x00000000c0800000| Complete 
|   9|0x00000000c0900000, 0x00000000c0a00000, 0x00000000c0a00000|100%| O|  |TAMS 0x00000000c0a00000, 0x00000000c0900000| Complete 
|  10|0x00000000c0a00000, 0x00000000c0b00000, 0x00000000c0b00000|100%| O|  |TAMS 0x00000000c0b00000, 0x00000000c0a00000| Untracked 
|  11|0x00000000c0b00000, 0x00000000c0c00000, 0x00000000c0c00000|100%| O|  |TAMS 0x00000000c0c00000, 0x00000000c0b00000| Untracked 
|  12|0x00000000c0c00000, 0x00000000c0d00000, 0x00000000c0d00000|100%| O|  |TAMS 0x00000000c0d00000, 0x00000000c0c00000| Untracked 
|  13|0x00000000c0d00000, 0x00000000c0e00000, 0x00000000c0e00000|100%| O|  |TAMS 0x00000000c0e00000, 0x00000000c0d00000| Complete 
|  14|0x00000000c0e00000, 0x00000000c0f00000, 0x00000000c0f00000|100%| O|  |TAMS 0x00000000c0f00000, 0x00000000c0e00000| Untracked 
|  15|0x00000000c0f00000, 0x00000000c1000000, 0x00000000c1000000|100%| O|  |TAMS 0x00000000c1000000, 0x00000000c0f00000| Untracked 
|  16|0x00000000c1000000, 0x00000000c1100000, 0x00000000c1100000|100%| O|  |TAMS 0x00000000c1100000, 0x00000000c1000000| Untracked 
|  17|0x00000000c1100000, 0x00000000c1200000, 0x00000000c1200000|100%| O|  |TAMS 0x00000000c1200000, 0x00000000c1100000| Untracked 
|  18|0x00000000c1200000, 0x00000000c1300000, 0x00000000c1300000|100%| O|  |TAMS 0x00000000c1300000, 0x00000000c1200000| Untracked 
|  19|0x00000000c1300000, 0x00000000c1400000, 0x00000000c1400000|100%| O|  |TAMS 0x00000000c1400000, 0x00000000c1300000| Complete 
|  20|0x00000000c1400000, 0x00000000c1500000, 0x00000000c1500000|100%| O|  |TAMS 0x00000000c1500000, 0x00000000c1400000| Untracked 
|  21|0x00000000c1500000, 0x00000000c1600000, 0x00000000c1600000|100%| O|  |TAMS 0x00000000c1600000, 0x00000000c1500000| Untracked 
|  22|0x00000000c1600000, 0x00000000c1700000, 0x00000000c1700000|100%| O|  |TAMS 0x00000000c1700000, 0x00000000c1600000| Untracked 
|  23|0x00000000c1700000, 0x00000000c1800000, 0x00000000c1800000|100%| O|  |TAMS 0x00000000c1800000, 0x00000000c1700000| Complete 
|  24|0x00000000c1800000, 0x00000000c1900000, 0x00000000c1900000|100%| O|  |TAMS 0x00000000c1900000, 0x00000000c1800000| Untracked 
|  25|0x00000000c1900000, 0x00000000c1900000, 0x00000000c1a00000|  0%| F|  |TAMS 0x00000000c1900000, 0x00000000c1900000| Untracked 
|  26|0x00000000c1a00000, 0x00000000c1b00000, 0x00000000c1b00000|100%| O|  |TAMS 0x00000000c1b00000, 0x00000000c1a00000| Complete 
|  27|0x00000000c1b00000, 0x00000000c1c00000, 0x00000000c1c00000|100%| O|  |TAMS 0x00000000c1c00000, 0x00000000c1b00000| Complete 
|  28|0x00000000c1c00000, 0x00000000c1d00000, 0x00000000c1d00000|100%|HS|  |TAMS 0x00000000c1d00000, 0x00000000c1c00000| Complete 
|  29|0x00000000c1d00000, 0x00000000c1e00000, 0x00000000c1e00000|100%| O|  |TAMS 0x00000000c1e00000, 0x00000000c1d00000| Untracked 
|  30|0x00000000c1e00000, 0x00000000c1e00000, 0x00000000c1f00000|  0%| F|  |TAMS 0x00000000c1e00000, 0x00000000c1e00000| Untracked 
|  31|0x00000000c1f00000, 0x00000000c2000000, 0x00000000c2000000|100%| O|  |TAMS 0x00000000c2000000, 0x00000000c1f00000| Complete 
|  32|0x00000000c2000000, 0x00000000c2000000, 0x00000000c2100000|  0%| F|  |TAMS 0x00000000c2000000, 0x00000000c2000000| Untracked 
|  33|0x00000000c2100000, 0x00000000c2100000, 0x00000000c2200000|  0%| F|  |TAMS 0x00000000c2100000, 0x00000000c2100000| Untracked 
|  34|0x00000000c2200000, 0x00000000c2200000, 0x00000000c2300000|  0%| F|  |TAMS 0x00000000c2200000, 0x00000000c2200000| Untracked 
|  35|0x00000000c2300000, 0x00000000c2400000, 0x00000000c2400000|100%| O|  |TAMS 0x00000000c2400000, 0x00000000c2300000| Complete 
|  36|0x00000000c2400000, 0x00000000c2500000, 0x00000000c2500000|100%| O|  |TAMS 0x00000000c2500000, 0x00000000c2400000| Untracked 
|  37|0x00000000c2500000, 0x00000000c2500000, 0x00000000c2600000|  0%| F|  |TAMS 0x00000000c2500000, 0x00000000c2500000| Untracked 
|  38|0x00000000c2600000, 0x00000000c2700000, 0x00000000c2700000|100%| O|  |TAMS 0x00000000c2700000, 0x00000000c2600000| Untracked 
|  39|0x00000000c2700000, 0x00000000c2800000, 0x00000000c2800000|100%| O|  |TAMS 0x00000000c2800000, 0x00000000c2700000| Complete 
|  40|0x00000000c2800000, 0x00000000c2800000, 0x00000000c2900000|  0%| F|  |TAMS 0x00000000c2800000, 0x00000000c2800000| Untracked 
|  41|0x00000000c2900000, 0x00000000c2a00000, 0x00000000c2a00000|100%| O|  |TAMS 0x00000000c2a00000, 0x00000000c2900000| Untracked 
|  42|0x00000000c2a00000, 0x00000000c2b00000, 0x00000000c2b00000|100%| O|  |TAMS 0x00000000c2b00000, 0x00000000c2a00000| Untracked 
|  43|0x00000000c2b00000, 0x00000000c2c00000, 0x00000000c2c00000|100%| O|  |TAMS 0x00000000c2c00000, 0x00000000c2b00000| Untracked 
|  44|0x00000000c2c00000, 0x00000000c2c00000, 0x00000000c2d00000|  0%| F|  |TAMS 0x00000000c2c00000, 0x00000000c2c00000| Untracked 
|  45|0x00000000c2d00000, 0x00000000c2e00000, 0x00000000c2e00000|100%| O|  |TAMS 0x00000000c2d00000, 0x00000000c2d00000| Untracked 
|  46|0x00000000c2e00000, 0x00000000c2f00000, 0x00000000c2f00000|100%| O|  |TAMS 0x00000000c2e00000, 0x00000000c2e00000| Untracked 
|  47|0x00000000c2f00000, 0x00000000c3000000, 0x00000000c3000000|100%| O|  |TAMS 0x00000000c3000000, 0x00000000c2f00000| Complete 
|  48|0x00000000c3000000, 0x00000000c3100000, 0x00000000c3100000|100%| O|  |TAMS 0x00000000c3100000, 0x00000000c3000000| Untracked 
|  49|0x00000000c3100000, 0x00000000c3200000, 0x00000000c3200000|100%| O|  |TAMS 0x00000000c3200000, 0x00000000c3100000| Complete 
|  50|0x00000000c3200000, 0x00000000c3300000, 0x00000000c3300000|100%| O|  |TAMS 0x00000000c3300000, 0x00000000c3200000| Untracked 
|  51|0x00000000c3300000, 0x00000000c3400000, 0x00000000c3400000|100%| O|  |TAMS 0x00000000c3400000, 0x00000000c3300000| Complete 
|  52|0x00000000c3400000, 0x00000000c3500000, 0x00000000c3500000|100%| O|  |TAMS 0x00000000c3500000, 0x00000000c3400000| Complete 
|  53|0x00000000c3500000, 0x00000000c3600000, 0x00000000c3600000|100%| O|  |TAMS 0x00000000c3600000, 0x00000000c3500000| Complete 
|  54|0x00000000c3600000, 0x00000000c3700000, 0x00000000c3700000|100%| O|  |TAMS 0x00000000c3700000, 0x00000000c3600000| Complete 
|  55|0x00000000c3700000, 0x00000000c3800000, 0x00000000c3800000|100%| O|  |TAMS 0x00000000c3800000, 0x00000000c3700000| Complete 
|  56|0x00000000c3800000, 0x00000000c3900000, 0x00000000c3900000|100%| O|  |TAMS 0x00000000c3900000, 0x00000000c3800000| Complete 
|  57|0x00000000c3900000, 0x00000000c3a00000, 0x00000000c3a00000|100%| O|  |TAMS 0x00000000c3a00000, 0x00000000c3900000| Complete 
|  58|0x00000000c3a00000, 0x00000000c3b00000, 0x00000000c3b00000|100%| O|  |TAMS 0x00000000c3b00000, 0x00000000c3a00000| Complete 
|  59|0x00000000c3b00000, 0x00000000c3c00000, 0x00000000c3c00000|100%| O|  |TAMS 0x00000000c3c00000, 0x00000000c3b00000| Complete 
|  60|0x00000000c3c00000, 0x00000000c3c00000, 0x00000000c3d00000|  0%| F|  |TAMS 0x00000000c3c00000, 0x00000000c3c00000| Untracked 
|  61|0x00000000c3d00000, 0x00000000c3d00000, 0x00000000c3e00000|  0%| F|  |TAMS 0x00000000c3d00000, 0x00000000c3d00000| Untracked 
|  62|0x00000000c3e00000, 0x00000000c3e00000, 0x00000000c3f00000|  0%| F|  |TAMS 0x00000000c3e00000, 0x00000000c3e00000| Untracked 
|  63|0x00000000c3f00000, 0x00000000c3f00000, 0x00000000c4000000|  0%| F|  |TAMS 0x00000000c3f00000, 0x00000000c3f00000| Untracked 
|  64|0x00000000c4000000, 0x00000000c4100000, 0x00000000c4100000|100%| O|  |TAMS 0x00000000c4100000, 0x00000000c4000000| Complete 
|  65|0x00000000c4100000, 0x00000000c4200000, 0x00000000c4200000|100%| O|  |TAMS 0x00000000c4200000, 0x00000000c4100000| Complete 
|  66|0x00000000c4200000, 0x00000000c4300000, 0x00000000c4300000|100%| O|  |TAMS 0x00000000c4300000, 0x00000000c4200000| Complete 
|  67|0x00000000c4300000, 0x00000000c4300000, 0x00000000c4400000|  0%| F|  |TAMS 0x00000000c4300000, 0x00000000c4300000| Untracked 
|  68|0x00000000c4400000, 0x00000000c4500000, 0x00000000c4500000|100%| O|  |TAMS 0x00000000c4500000, 0x00000000c4400000| Complete 
|  69|0x00000000c4500000, 0x00000000c4600000, 0x00000000c4600000|100%| O|  |TAMS 0x00000000c4600000, 0x00000000c4500000| Complete 
|  70|0x00000000c4600000, 0x00000000c4600000, 0x00000000c4700000|  0%| F|  |TAMS 0x00000000c4600000, 0x00000000c4600000| Untracked 
|  71|0x00000000c4700000, 0x00000000c4800000, 0x00000000c4800000|100%| O|  |TAMS 0x00000000c4800000, 0x00000000c4700000| Complete 
|  72|0x00000000c4800000, 0x00000000c4900000, 0x00000000c4900000|100%| O|  |TAMS 0x00000000c4900000, 0x00000000c4800000| Untracked 
|  73|0x00000000c4900000, 0x00000000c4a00000, 0x00000000c4a00000|100%| O|  |TAMS 0x00000000c4a00000, 0x00000000c4900000| Untracked 
|  74|0x00000000c4a00000, 0x00000000c4b00000, 0x00000000c4b00000|100%| O|  |TAMS 0x00000000c4b00000, 0x00000000c4a00000| Untracked 
|  75|0x00000000c4b00000, 0x00000000c4c00000, 0x00000000c4c00000|100%| O|  |TAMS 0x00000000c4c00000, 0x00000000c4b00000| Untracked 
|  76|0x00000000c4c00000, 0x00000000c4d00000, 0x00000000c4d00000|100%| O|  |TAMS 0x00000000c4d00000, 0x00000000c4c00000| Untracked 
|  77|0x00000000c4d00000, 0x00000000c4e00000, 0x00000000c4e00000|100%| O|  |TAMS 0x00000000c4e00000, 0x00000000c4d00000| Untracked 
|  78|0x00000000c4e00000, 0x00000000c4f00000, 0x00000000c4f00000|100%| O|  |TAMS 0x00000000c4f00000, 0x00000000c4e00000| Untracked 
|  79|0x00000000c4f00000, 0x00000000c5000000, 0x00000000c5000000|100%| O|  |TAMS 0x00000000c5000000, 0x00000000c4f00000| Untracked 
|  80|0x00000000c5000000, 0x00000000c5100000, 0x00000000c5100000|100%| O|  |TAMS 0x00000000c5100000, 0x00000000c5000000| Untracked 
|  81|0x00000000c5100000, 0x00000000c5200000, 0x00000000c5200000|100%| O|  |TAMS 0x00000000c5200000, 0x00000000c5100000| Untracked 
|  82|0x00000000c5200000, 0x00000000c5300000, 0x00000000c5300000|100%| O|  |TAMS 0x00000000c5300000, 0x00000000c5200000| Untracked 
|  83|0x00000000c5300000, 0x00000000c5400000, 0x00000000c5400000|100%| O|  |TAMS 0x00000000c5400000, 0x00000000c5300000| Untracked 
|  84|0x00000000c5400000, 0x00000000c5400000, 0x00000000c5500000|  0%| F|  |TAMS 0x00000000c5400000, 0x00000000c5400000| Untracked 
|  85|0x00000000c5500000, 0x00000000c5600000, 0x00000000c5600000|100%| O|  |TAMS 0x00000000c5600000, 0x00000000c5500000| Untracked 
|  86|0x00000000c5600000, 0x00000000c5600000, 0x00000000c5700000|  0%| F|  |TAMS 0x00000000c5600000, 0x00000000c5600000| Untracked 
|  87|0x00000000c5700000, 0x00000000c5800000, 0x00000000c5800000|100%| O|  |TAMS 0x00000000c5780000, 0x00000000c5700000| Untracked 
|  88|0x00000000c5800000, 0x00000000c5900000, 0x00000000c5900000|100%| O|  |TAMS 0x00000000c5800000, 0x00000000c5800000| Untracked 
|  89|0x00000000c5900000, 0x00000000c5a00000, 0x00000000c5a00000|100%| O|  |TAMS 0x00000000c5900000, 0x00000000c5900000| Untracked 
|  90|0x00000000c5a00000, 0x00000000c5b00000, 0x00000000c5b00000|100%| O|  |TAMS 0x00000000c5a00000, 0x00000000c5a00000| Untracked 
|  91|0x00000000c5b00000, 0x00000000c5c00000, 0x00000000c5c00000|100%| O|  |TAMS 0x00000000c5b00000, 0x00000000c5b00000| Untracked 
|  92|0x00000000c5c00000, 0x00000000c5d00000, 0x00000000c5d00000|100%| O|  |TAMS 0x00000000c5c00000, 0x00000000c5c00000| Untracked 
|  93|0x00000000c5d00000, 0x00000000c5e00000, 0x00000000c5e00000|100%| O|  |TAMS 0x00000000c5d00000, 0x00000000c5d00000| Untracked 
|  94|0x00000000c5e00000, 0x00000000c5f00000, 0x00000000c5f00000|100%| O|  |TAMS 0x00000000c5e00000, 0x00000000c5e00000| Untracked 
|  95|0x00000000c5f00000, 0x00000000c6000000, 0x00000000c6000000|100%| O|  |TAMS 0x00000000c5f00000, 0x00000000c5f00000| Untracked 
|  96|0x00000000c6000000, 0x00000000c6100000, 0x00000000c6100000|100%| O|  |TAMS 0x00000000c6000000, 0x00000000c6000000| Untracked 
|  97|0x00000000c6100000, 0x00000000c6200000, 0x00000000c6200000|100%| O|  |TAMS 0x00000000c6100000, 0x00000000c6100000| Untracked 
|  98|0x00000000c6200000, 0x00000000c6300000, 0x00000000c6300000|100%| O|  |TAMS 0x00000000c6200000, 0x00000000c6200000| Untracked 
|  99|0x00000000c6300000, 0x00000000c6400000, 0x00000000c6400000|100%| O|  |TAMS 0x00000000c6300000, 0x00000000c6300000| Untracked 
| 100|0x00000000c6400000, 0x00000000c6500000, 0x00000000c6500000|100%| O|  |TAMS 0x00000000c6400000, 0x00000000c6400000| Untracked 
| 101|0x00000000c6500000, 0x00000000c6600000, 0x00000000c6600000|100%| O|  |TAMS 0x00000000c6500000, 0x00000000c6500000| Untracked 
| 102|0x00000000c6600000, 0x00000000c6700000, 0x00000000c6700000|100%| O|  |TAMS 0x00000000c6600000, 0x00000000c6600000| Untracked 
| 103|0x00000000c6700000, 0x00000000c6700000, 0x00000000c6800000|  0%| F|  |TAMS 0x00000000c6700000, 0x00000000c6700000| Untracked 
| 104|0x00000000c6800000, 0x00000000c6800000, 0x00000000c6900000|  0%| F|  |TAMS 0x00000000c6800000, 0x00000000c6800000| Untracked 
| 105|0x00000000c6900000, 0x00000000c6900000, 0x00000000c6a00000|  0%| F|  |TAMS 0x00000000c6900000, 0x00000000c6900000| Untracked 
| 106|0x00000000c6a00000, 0x00000000c6a00000, 0x00000000c6b00000|  0%| F|  |TAMS 0x00000000c6a00000, 0x00000000c6a00000| Untracked 
| 107|0x00000000c6b00000, 0x00000000c6b00000, 0x00000000c6c00000|  0%| F|  |TAMS 0x00000000c6b00000, 0x00000000c6b00000| Untracked 
| 108|0x00000000c6c00000, 0x00000000c6c00000, 0x00000000c6d00000|  0%| F|  |TAMS 0x00000000c6c00000, 0x00000000c6c00000| Untracked 
| 109|0x00000000c6d00000, 0x00000000c6d00000, 0x00000000c6e00000|  0%| F|  |TAMS 0x00000000c6d00000, 0x00000000c6d00000| Untracked 
| 110|0x00000000c6e00000, 0x00000000c6e00000, 0x00000000c6f00000|  0%| F|  |TAMS 0x00000000c6e00000, 0x00000000c6e00000| Untracked 
| 111|0x00000000c6f00000, 0x00000000c6f00000, 0x00000000c7000000|  0%| F|  |TAMS 0x00000000c6f00000, 0x00000000c6f00000| Untracked 
| 112|0x00000000c7000000, 0x00000000c7000000, 0x00000000c7100000|  0%| F|  |TAMS 0x00000000c7000000, 0x00000000c7000000| Untracked 
| 113|0x00000000c7100000, 0x00000000c7100000, 0x00000000c7200000|  0%| F|  |TAMS 0x00000000c7100000, 0x00000000c7100000| Untracked 
| 114|0x00000000c7200000, 0x00000000c7200000, 0x00000000c7300000|  0%| F|  |TAMS 0x00000000c7200000, 0x00000000c7200000| Untracked 
| 115|0x00000000c7300000, 0x00000000c7300000, 0x00000000c7400000|  0%| F|  |TAMS 0x00000000c7300000, 0x00000000c7300000| Untracked 
| 116|0x00000000c7400000, 0x00000000c7400000, 0x00000000c7500000|  0%| F|  |TAMS 0x00000000c7400000, 0x00000000c7400000| Untracked 
| 117|0x00000000c7500000, 0x00000000c7500000, 0x00000000c7600000|  0%| F|  |TAMS 0x00000000c7500000, 0x00000000c7500000| Untracked 
| 118|0x00000000c7600000, 0x00000000c7600000, 0x00000000c7700000|  0%| F|  |TAMS 0x00000000c7600000, 0x00000000c7600000| Untracked 
| 119|0x00000000c7700000, 0x00000000c7700000, 0x00000000c7800000|  0%| F|  |TAMS 0x00000000c7700000, 0x00000000c7700000| Untracked 
| 120|0x00000000c7800000, 0x00000000c7800000, 0x00000000c7900000|  0%| F|  |TAMS 0x00000000c7800000, 0x00000000c7800000| Untracked 
| 121|0x00000000c7900000, 0x00000000c7900000, 0x00000000c7a00000|  0%| F|  |TAMS 0x00000000c7900000, 0x00000000c7900000| Untracked 
| 122|0x00000000c7a00000, 0x00000000c7a00000, 0x00000000c7b00000|  0%| F|  |TAMS 0x00000000c7a00000, 0x00000000c7a00000| Untracked 
| 123|0x00000000c7b00000, 0x00000000c7b00000, 0x00000000c7c00000|  0%| F|  |TAMS 0x00000000c7b00000, 0x00000000c7b00000| Untracked 
| 124|0x00000000c7c00000, 0x00000000c7c00000, 0x00000000c7d00000|  0%| F|  |TAMS 0x00000000c7c00000, 0x00000000c7c00000| Untracked 
| 125|0x00000000c7d00000, 0x00000000c7d00000, 0x00000000c7e00000|  0%| F|  |TAMS 0x00000000c7d00000, 0x00000000c7d00000| Untracked 
| 126|0x00000000c7e00000, 0x00000000c7e00000, 0x00000000c7f00000|  0%| F|  |TAMS 0x00000000c7e00000, 0x00000000c7e00000| Untracked 
| 127|0x00000000c7f00000, 0x00000000c7f00000, 0x00000000c8000000|  0%| F|  |TAMS 0x00000000c7f00000, 0x00000000c7f00000| Untracked 
| 128|0x00000000c8000000, 0x00000000c8000000, 0x00000000c8100000|  0%| F|  |TAMS 0x00000000c8000000, 0x00000000c8000000| Untracked 
| 129|0x00000000c8100000, 0x00000000c8100000, 0x00000000c8200000|  0%| F|  |TAMS 0x00000000c8100000, 0x00000000c8100000| Untracked 
| 130|0x00000000c8200000, 0x00000000c8200000, 0x00000000c8300000|  0%| F|  |TAMS 0x00000000c8200000, 0x00000000c8200000| Untracked 
| 131|0x00000000c8300000, 0x00000000c8300000, 0x00000000c8400000|  0%| F|  |TAMS 0x00000000c8300000, 0x00000000c8300000| Untracked 
| 132|0x00000000c8400000, 0x00000000c8400000, 0x00000000c8500000|  0%| F|  |TAMS 0x00000000c8400000, 0x00000000c8400000| Untracked 
| 133|0x00000000c8500000, 0x00000000c8500000, 0x00000000c8600000|  0%| F|  |TAMS 0x00000000c8500000, 0x00000000c8500000| Untracked 
| 134|0x00000000c8600000, 0x00000000c8600000, 0x00000000c8700000|  0%| F|  |TAMS 0x00000000c8600000, 0x00000000c8600000| Untracked 
| 135|0x00000000c8700000, 0x00000000c8700000, 0x00000000c8800000|  0%| F|  |TAMS 0x00000000c8700000, 0x00000000c8700000| Untracked 
| 136|0x00000000c8800000, 0x00000000c8800000, 0x00000000c8900000|  0%| F|  |TAMS 0x00000000c8800000, 0x00000000c8800000| Untracked 
| 137|0x00000000c8900000, 0x00000000c8900000, 0x00000000c8a00000|  0%| F|  |TAMS 0x00000000c8900000, 0x00000000c8900000| Untracked 
| 138|0x00000000c8a00000, 0x00000000c8a00000, 0x00000000c8b00000|  0%| F|  |TAMS 0x00000000c8a00000, 0x00000000c8a00000| Untracked 
| 139|0x00000000c8b00000, 0x00000000c8b00000, 0x00000000c8c00000|  0%| F|  |TAMS 0x00000000c8b00000, 0x00000000c8b00000| Untracked 
| 140|0x00000000c8c00000, 0x00000000c8c00000, 0x00000000c8d00000|  0%| F|  |TAMS 0x00000000c8c00000, 0x00000000c8c00000| Untracked 
| 141|0x00000000c8d00000, 0x00000000c8d00000, 0x00000000c8e00000|  0%| F|  |TAMS 0x00000000c8d00000, 0x00000000c8d00000| Untracked 
| 142|0x00000000c8e00000, 0x00000000c8e00000, 0x00000000c8f00000|  0%| F|  |TAMS 0x00000000c8e00000, 0x00000000c8e00000| Untracked 
| 143|0x00000000c8f00000, 0x00000000c8f00000, 0x00000000c9000000|  0%| F|  |TAMS 0x00000000c8f00000, 0x00000000c8f00000| Untracked 
| 144|0x00000000c9000000, 0x00000000c9000000, 0x00000000c9100000|  0%| F|  |TAMS 0x00000000c9000000, 0x00000000c9000000| Untracked 
| 145|0x00000000c9100000, 0x00000000c9100000, 0x00000000c9200000|  0%| F|  |TAMS 0x00000000c9100000, 0x00000000c9100000| Untracked 
| 146|0x00000000c9200000, 0x00000000c9200000, 0x00000000c9300000|  0%| F|  |TAMS 0x00000000c9200000, 0x00000000c9200000| Untracked 
| 147|0x00000000c9300000, 0x00000000c9300000, 0x00000000c9400000|  0%| F|  |TAMS 0x00000000c9300000, 0x00000000c9300000| Untracked 
| 148|0x00000000c9400000, 0x00000000c9400000, 0x00000000c9500000|  0%| F|  |TAMS 0x00000000c9400000, 0x00000000c9400000| Untracked 
| 149|0x00000000c9500000, 0x00000000c95e9340, 0x00000000c9600000| 91%| S|CS|TAMS 0x00000000c9500000, 0x00000000c9500000| Complete 
| 150|0x00000000c9600000, 0x00000000c9600000, 0x00000000c9700000|  0%| F|  |TAMS 0x00000000c9600000, 0x00000000c9600000| Untracked 
| 151|0x00000000c9700000, 0x00000000c9700000, 0x00000000c9800000|  0%| F|  |TAMS 0x00000000c9700000, 0x00000000c9700000| Untracked 
| 152|0x00000000c9800000, 0x00000000c9800000, 0x00000000c9900000|  0%| F|  |TAMS 0x00000000c9800000, 0x00000000c9800000| Untracked 
| 153|0x00000000c9900000, 0x00000000c9900000, 0x00000000c9a00000|  0%| F|  |TAMS 0x00000000c9900000, 0x00000000c9900000| Untracked 
| 154|0x00000000c9a00000, 0x00000000c9a00000, 0x00000000c9b00000|  0%| F|  |TAMS 0x00000000c9a00000, 0x00000000c9a00000| Untracked 

Card table byte_map: [0x000000254a310000,0x000000254a510000] _byte_map_base: 0x0000002549d10000

Marking Bits (Prev, Next): (CMBitMap*) 0x0000002532ddf258, (CMBitMap*) 0x0000002532ddf290
 Prev Bits: [0x000000254a710000, 0x000000254b710000)
 Next Bits: [0x000000254b710000, 0x000000254c710000)

Polling page: 0x0000002530b60000

Metaspace:

Usage:
  Non-class:     55.68 MB capacity,    53.92 MB ( 97%) used,     1.65 MB (  3%) free+waste,   123.31 KB ( <1%) overhead. 
      Class:      6.95 MB capacity,     5.96 MB ( 86%) used,   962.95 KB ( 14%) free+waste,    55.88 KB ( <1%) overhead. 
       Both:     62.63 MB capacity,    59.87 MB ( 96%) used,     2.59 MB (  4%) free+waste,   179.19 KB ( <1%) overhead. 

Virtual space:
  Non-class space:       56.00 MB reserved,      55.83 MB (>99%) committed 
      Class space:        1.00 GB reserved,       7.00 MB ( <1%) committed 
             Both:        1.05 GB reserved,      62.83 MB (  6%) committed 

Chunk freelists:
   Non-Class:  2.50 KB
       Class:  2.38 KB
        Both:  4.88 KB

CodeHeap 'non-profiled nmethods': size=120064Kb used=4260Kb max_used=4260Kb free=115803Kb
 bounds [0x0000002542bd0000, 0x0000002543000000, 0x000000254a110000]
CodeHeap 'profiled nmethods': size=120000Kb used=18158Kb max_used=18158Kb free=101841Kb
 bounds [0x000000253b6a0000, 0x000000253c870000, 0x0000002542bd0000]
CodeHeap 'non-nmethods': size=5696Kb used=1302Kb max_used=1328Kb free=4393Kb
 bounds [0x000000253b110000, 0x000000253b380000, 0x000000253b6a0000]
 total_blobs=9817 nmethods=6936 adapters=584
 compilation: enabled
              stopped_count=0, restarted_count=0
 full_count=0

Compilation events (10 events):
Event: 42.097 Thread 0x000000254fc9e000 7581       3       com.google.gson.stream.JsonWriter::push (58 bytes)
Event: 42.097 Thread 0x000000254fc9e000 nmethod 7581 0x000000253c862290 code [0x000000253c862460, 0x000000253c862810]
Event: 42.097 Thread 0x000000254fc9e000 7580       1       org.eclipse.jdt.internal.core.SourceType::getElementType (3 bytes)
Event: 42.098 Thread 0x000000254fc9e000 nmethod 7580 0x0000002542ff8e10 code [0x0000002542ff8fc0, 0x0000002542ff90d8]
Event: 42.236 Thread 0x000000254fc9e000 7584       3       org.eclipse.jdt.core.compiler.CharOperation::subarray (47 bytes)
Event: 42.237 Thread 0x000000254fc9e000 nmethod 7584 0x000000253c862990 code [0x000000253c862b60, 0x000000253c862f50]
Event: 42.264 Thread 0x000000254fc9e000 7585       3       java.nio.channels.spi.AbstractInterruptibleChannel::end (53 bytes)
Event: 42.265 Thread 0x000000254fc9e000 nmethod 7585 0x000000253c863090 code [0x000000253c8632c0, 0x000000253c863b20]
Event: 42.265 Thread 0x000000254fc9e000 7586       3       java.nio.channels.spi.AbstractInterruptibleChannel::begin (48 bytes)
Event: 42.266 Thread 0x000000254fc9e000 nmethod 7586 0x000000253c863e10 code [0x000000253c864040, 0x000000253c8649a0]

GC Heap History (10 events):
Event: 36.573 GC heap after
{Heap after GC invocations=34 (full 0):
 garbage-first heap   total 132096K, used 63385K [0x00000000c0000000, 0x0000000100000000)
  region size 1024K, 1 young (1024K), 1 survivors (1024K)
 Metaspace       used 57440K, capacity 59861K, committed 59984K, reserved 1103872K
  class space    used 5747K, capacity 6562K, committed 6656K, reserved 1048576K
}
Event: 37.463 GC heap before
{Heap before GC invocations=34 (full 0):
 garbage-first heap   total 132096K, used 100249K [0x00000000c0000000, 0x0000000100000000)
  region size 1024K, 37 young (37888K), 1 survivors (1024K)
 Metaspace       used 57443K, capacity 59861K, committed 59984K, reserved 1103872K
  class space    used 5747K, capacity 6562K, committed 6656K, reserved 1048576K
}
Event: 37.503 GC heap after
{Heap after GC invocations=35 (full 0):
 garbage-first heap   total 158720K, used 73298K [0x00000000c0000000, 0x0000000100000000)
  region size 1024K, 5 young (5120K), 5 survivors (5120K)
 Metaspace       used 57443K, capacity 59861K, committed 59984K, reserved 1103872K
  class space    used 5747K, capacity 6562K, committed 6656K, reserved 1048576K
}
Event: 38.281 GC heap before
{Heap before GC invocations=36 (full 0):
 garbage-first heap   total 158720K, used 116306K [0x00000000c0000000, 0x0000000100000000)
  region size 1024K, 47 young (48128K), 5 survivors (5120K)
 Metaspace       used 57992K, capacity 60400K, committed 60496K, reserved 1103872K
  class space    used 5775K, capacity 6572K, committed 6656K, reserved 1048576K
}
Event: 38.340 GC heap after
{Heap after GC invocations=37 (full 0):
 garbage-first heap   total 158720K, used 90327K [0x00000000c0000000, 0x0000000100000000)
  region size 1024K, 6 young (6144K), 6 survivors (6144K)
 Metaspace       used 57992K, capacity 60400K, committed 60496K, reserved 1103872K
  class space    used 5775K, capacity 6572K, committed 6656K, reserved 1048576K
}
Event: 39.482 GC heap before
{Heap before GC invocations=37 (full 0):
 garbage-first heap   total 158720K, used 120023K [0x00000000c0000000, 0x0000000100000000)
  region size 1024K, 35 young (35840K), 6 survivors (6144K)
 Metaspace       used 59089K, capacity 61606K, committed 61648K, reserved 1103872K
  class space    used 5888K, capacity 6764K, committed 6784K, reserved 1048576K
}
Event: 39.616 GC heap after
{Heap after GC invocations=38 (full 0):
 garbage-first heap   total 158720K, used 103936K [0x00000000c0000000, 0x0000000100000000)
  region size 1024K, 5 young (5120K), 5 survivors (5120K)
 Metaspace       used 59089K, capacity 61606K, committed 61648K, reserved 1103872K
  class space    used 5888K, capacity 6764K, committed 6784K, reserved 1048576K
}
Event: 41.740 GC heap before
{Heap before GC invocations=39 (full 0):
 garbage-first heap   total 158720K, used 112128K [0x00000000c0000000, 0x0000000100000000)
  region size 1024K, 25 young (25600K), 5 survivors (5120K)
 Metaspace       used 61263K, capacity 64044K, committed 64336K, reserved 1105920K
  class space    used 6093K, capacity 7110K, committed 7168K, reserved 1048576K
}
Event: 41.782 GC heap after
{Heap after GC invocations=40 (full 0):
 garbage-first heap   total 158720K, used 95414K [0x00000000c0000000, 0x0000000100000000)
  region size 1024K, 2 young (2048K), 2 survivors (2048K)
 Metaspace       used 61263K, capacity 64044K, committed 64336K, reserved 1105920K
  class space    used 6093K, capacity 7110K, committed 7168K, reserved 1048576K
}
Event: 42.269 GC heap before
{Heap before GC invocations=40 (full 0):
 garbage-first heap   total 158720K, used 99510K [0x00000000c0000000, 0x0000000100000000)
  region size 1024K, 7 young (7168K), 2 survivors (2048K)
 Metaspace       used 61308K, capacity 64137K, committed 64336K, reserved 1105920K
  class space    used 6098K, capacity 7117K, committed 7168K, reserved 1048576K
}

Deoptimization events (10 events):
Event: 38.934 Thread 0x0000002553b89800 Uncommon trap: reason=class_check action=maybe_recompile pc=0x0000002542f38710 method=java.io.FilterInputStream.read([B)I @ 5 c2
Event: 38.937 Thread 0x0000002553b89800 Uncommon trap: reason=unstable_if action=reinterpret pc=0x0000002542ee5b48 method=org.eclipse.jdt.core.compiler.CharOperation.subarray([CII)[C @ 2 c2
Event: 39.276 Thread 0x0000002553b8c000 Uncommon trap: reason=class_check action=maybe_recompile pc=0x0000002542f38710 method=java.io.FilterInputStream.read([B)I @ 5 c2
Event: 39.280 Thread 0x0000002553b8c000 Uncommon trap: reason=unstable_if action=reinterpret pc=0x0000002542c26b40 method=java.util.concurrent.ConcurrentHashMap.get(Ljava/lang/Object;)Ljava/lang/Object; @ 152 c2
Event: 39.280 Thread 0x0000002553b8c000 Uncommon trap: reason=class_check action=maybe_recompile pc=0x0000002542ddda0c method=java.util.concurrent.ConcurrentHashMap.putVal(Ljava/lang/Object;Ljava/lang/Object;Z)Ljava/lang/Object; @ 242 c2
Event: 40.778 Thread 0x0000002553b8c000 Uncommon trap: reason=unstable_if action=reinterpret pc=0x0000002542fcaf1c method=org.eclipse.jdt.internal.compiler.parser.ScannerHelper.toLowerCase(C)C @ 28 c2
Event: 41.289 Thread 0x0000002553b8c000 Uncommon trap: reason=unstable_if action=reinterpret pc=0x0000002542fe3aa8 method=org.eclipse.jdt.internal.compiler.parser.Parser.consumeRule(I)V @ 1 c2
Event: 41.788 Thread 0x0000002553b8c000 Uncommon trap: reason=class_check action=maybe_recompile pc=0x0000002542ddda0c method=java.util.concurrent.ConcurrentHashMap.putVal(Ljava/lang/Object;Ljava/lang/Object;Z)Ljava/lang/Object; @ 242 c2
Event: 41.831 Thread 0x0000002550f18000 Uncommon trap: reason=unstable_if action=reinterpret pc=0x0000002542f31934 method=org.eclipse.jdt.internal.core.search.indexing.BinaryIndexer.decodeReturnType([C)[C @ 359 c2
Event: 42.022 Thread 0x0000002550f16000 Uncommon trap: reason=unstable_if action=reinterpret pc=0x0000002542f5b60c method=com.google.gson.stream.JsonReader.peek()Lcom/google/gson/stream/JsonToken; @ 15 c2

Classes redefined (0 events):
No events

Internal exceptions (10 events):
Event: 40.779 Thread 0x0000002553b8c000 Exception <a 'java/lang/ArrayIndexOutOfBoundsException'{0x00000000c8e50998}> (0x00000000c8e50998) thrown at [t:/workspace/open/src/hotspot/share/runtime/sharedRuntime.cpp, line 584]
Event: 40.850 Thread 0x0000002553b8c000 Exception <a 'java/lang/ArrayIndexOutOfBoundsException'{0x00000000c8d7aab0}> (0x00000000c8d7aab0) thrown at [t:/workspace/open/src/hotspot/share/runtime/sharedRuntime.cpp, line 584]
Event: 40.858 Thread 0x0000002553b8c000 Exception <a 'java/lang/ArrayIndexOutOfBoundsException'{0x00000000c8daae78}> (0x00000000c8daae78) thrown at [t:/workspace/open/src/hotspot/share/runtime/sharedRuntime.cpp, line 584]
Event: 40.858 Thread 0x0000002553b8c000 Exception <a 'java/lang/ArrayIndexOutOfBoundsException'{0x00000000c8dab510}> (0x00000000c8dab510) thrown at [t:/workspace/open/src/hotspot/share/runtime/sharedRuntime.cpp, line 584]
Event: 41.001 Thread 0x0000002553b8c000 Exception <a 'java/lang/ArrayIndexOutOfBoundsException'{0x00000000c8c823b8}> (0x00000000c8c823b8) thrown at [t:/workspace/open/src/hotspot/share/runtime/sharedRuntime.cpp, line 584]
Event: 41.161 Thread 0x0000002553b8c000 Exception <a 'java/lang/ArrayIndexOutOfBoundsException'{0x00000000c8a2ca30}> (0x00000000c8a2ca30) thrown at [t:/workspace/open/src/hotspot/share/runtime/sharedRuntime.cpp, line 584]
Event: 41.288 Thread 0x0000002553b8c000 Exception <a 'java/lang/ArrayIndexOutOfBoundsException'{0x00000000c89ec410}> (0x00000000c89ec410) thrown at [t:/workspace/open/src/hotspot/share/runtime/sharedRuntime.cpp, line 584]
Event: 41.289 Thread 0x0000002553b8c000 Exception <a 'java/lang/ArrayIndexOutOfBoundsException'{0x00000000c8812f80}> (0x00000000c8812f80) thrown at [t:/workspace/open/src/hotspot/share/runtime/sharedRuntime.cpp, line 584]
Event: 41.290 Thread 0x0000002553b8c000 Exception <a 'java/lang/ArrayIndexOutOfBoundsException'{0x00000000c8813570}> (0x00000000c8813570) thrown at [t:/workspace/open/src/hotspot/share/runtime/sharedRuntime.cpp, line 584]
Event: 41.298 Thread 0x0000002553b8c000 Exception <a 'java/lang/NoSuchMethodError'{0x00000000c8836200}: java.lang.invoke.DirectMethodHandle$Holder.invokeSpecialIFC(Ljava/lang/Object;Ljava/lang/Object;Ljava/lang/Object;Ljava/lang/Object;)I> (0x00000000c8836200) thrown at [t:/workspace/open/src/h

Events (10 events):
Event: 41.788 Thread 0x0000002553b8c000 Uncommon trap: trap_request=0xffffffde fr.pc=0x0000002542ddda0c relative=0x000000000000134c
Event: 41.788 Thread 0x0000002553b8c000 DEOPT PACKING pc=0x0000002542ddda0c sp=0x00000025635be4e0
Event: 41.788 Thread 0x0000002553b8c000 DEOPT UNPACKING pc=0x000000253b138f2f sp=0x00000025635be460 mode 2
Event: 41.831 Thread 0x0000002550f18000 Uncommon trap: trap_request=0xffffff4d fr.pc=0x0000002542f31934 relative=0x00000000000010d4
Event: 41.831 Thread 0x0000002550f18000 DEOPT PACKING pc=0x0000002542f31934 sp=0x000000255348e510
Event: 41.831 Thread 0x0000002550f18000 DEOPT UNPACKING pc=0x000000253b138f2f sp=0x000000255348e4d8 mode 2
Event: 42.022 Thread 0x0000002550f16000 Uncommon trap: trap_request=0xffffff4d fr.pc=0x0000002542f5b60c relative=0x00000000000000cc
Event: 42.022 Thread 0x0000002550f16000 DEOPT PACKING pc=0x0000002542f5b60c sp=0x000000255725e7a0
Event: 42.022 Thread 0x0000002550f16000 DEOPT UNPACKING pc=0x000000253b138f2f sp=0x000000255725e728 mode 2
Event: 42.269 Executing VM operation: G1CollectForAllocation


Dynamic libraries:
0x00007ff7ed5c0000 - 0x00007ff7ed607000 	C:\Program Files\Java\jdk-11.0.6\bin\java.exe
0x00007ffb34e80000 - 0x00007ffb3502d000 	C:\windows\SYSTEM32\ntdll.dll
0x00007ffb34c70000 - 0x00007ffb34dae000 	C:\windows\system32\KERNEL32.DLL
0x00007ffb32290000 - 0x00007ffb323a5000 	C:\windows\system32\KERNELBASE.dll
0x00007ffb32510000 - 0x00007ffb325ba000 	C:\windows\system32\ADVAPI32.dll
0x00007ffb32f90000 - 0x00007ffb33107000 	C:\windows\system32\USER32.dll
0x00007ffb2f110000 - 0x00007ffb2f38b000 	C:\windows\WinSxS\amd64_microsoft.windows.common-controls_6595b64144ccf1df_6.0.9600.18006_none_623f33d3ecbe86e8\COMCTL32.dll
0x00007ffb2a740000 - 0x00007ffb2a74a000 	C:\windows\SYSTEM32\VERSION.dll
0x00007ffb34bc0000 - 0x00007ffb34c6a000 	C:\windows\system32\msvcrt.dll
0x00007ffb349c0000 - 0x00007ffb34a19000 	C:\windows\SYSTEM32\sechost.dll
0x00007ffb325d0000 - 0x00007ffb32710000 	C:\windows\system32\RPCRT4.dll
0x00007ffb33330000 - 0x00007ffb3347b000 	C:\windows\system32\GDI32.dll
0x00007ffb32260000 - 0x00007ffb3228e000 	C:\windows\system32\SspiCli.dll
0x00007ffb34e40000 - 0x00007ffb34e76000 	C:\windows\system32\IMM32.DLL
0x00007ffb331d0000 - 0x00007ffb33321000 	C:\windows\system32\MSCTF.dll
0x00007ffb276e0000 - 0x00007ffb276f6000 	C:\Program Files\Java\jdk-11.0.6\bin\vcruntime140.dll
0x00007ffb28ac0000 - 0x00007ffb28ac4000 	C:\Program Files\Java\jdk-11.0.6\bin\api-ms-win-crt-runtime-l1-1-0.dll
0x00007ffb27280000 - 0x00007ffb27284000 	C:\Program Files\Java\jdk-11.0.6\bin\api-ms-win-crt-string-l1-1-0.dll
0x00007ffb27270000 - 0x00007ffb27273000 	C:\Program Files\Java\jdk-11.0.6\bin\api-ms-win-crt-heap-l1-1-0.dll
0x00007ffb27260000 - 0x00007ffb27264000 	C:\Program Files\Java\jdk-11.0.6\bin\api-ms-win-crt-stdio-l1-1-0.dll
0x00007ffb27250000 - 0x00007ffb27254000 	C:\Program Files\Java\jdk-11.0.6\bin\api-ms-win-crt-convert-l1-1-0.dll
0x00007ffb19a70000 - 0x00007ffb19b66000 	C:\Program Files\Java\jdk-11.0.6\bin\ucrtbase.DLL
0x00007ffb21880000 - 0x00007ffb2192a000 	C:\Program Files\Java\jdk-11.0.6\bin\msvcp140.dll
0x00007ffb257a0000 - 0x00007ffb257a3000 	C:\Program Files\Java\jdk-11.0.6\bin\api-ms-win-crt-locale-l1-1-0.dll
0x00007ffb25720000 - 0x00007ffb25725000 	C:\Program Files\Java\jdk-11.0.6\bin\api-ms-win-crt-math-l1-1-0.dll
0x00007ffb25150000 - 0x00007ffb25155000 	C:\Program Files\Java\jdk-11.0.6\bin\api-ms-win-crt-multibyte-l1-1-0.dll
0x00007ffb250a0000 - 0x00007ffb250a3000 	C:\Program Files\Java\jdk-11.0.6\bin\api-ms-win-crt-time-l1-1-0.dll
0x00007ffb25090000 - 0x00007ffb25093000 	C:\Program Files\Java\jdk-11.0.6\bin\api-ms-win-crt-filesystem-l1-1-0.dll
0x00007ffb25080000 - 0x00007ffb25083000 	C:\Program Files\Java\jdk-11.0.6\bin\api-ms-win-crt-environment-l1-1-0.dll
0x00007ffb25070000 - 0x00007ffb25073000 	C:\Program Files\Java\jdk-11.0.6\bin\api-ms-win-crt-utility-l1-1-0.dll
0x00007ffb125b0000 - 0x00007ffb130d9000 	C:\Program Files\Java\jdk-11.0.6\bin\server\jvm.dll
0x00007ffb25060000 - 0x00007ffb25069000 	C:\windows\SYSTEM32\WSOCK32.dll
0x00007ffb21190000 - 0x00007ffb211b2000 	C:\windows\SYSTEM32\WINMM.dll
0x00007ffb33480000 - 0x00007ffb33487000 	C:\windows\system32\PSAPI.DLL
0x00007ffb32c90000 - 0x00007ffb32cea000 	C:\windows\system32\WS2_32.dll
0x00007ffb21160000 - 0x00007ffb2118a000 	C:\windows\SYSTEM32\WINMMBASE.dll
0x00007ffb32930000 - 0x00007ffb32939000 	C:\windows\system32\NSI.dll
0x00007ffb32460000 - 0x00007ffb324af000 	C:\windows\SYSTEM32\cfgmgr32.dll
0x00007ffb30dc0000 - 0x00007ffb30de8000 	C:\windows\SYSTEM32\DEVOBJ.dll
0x00007ffb25040000 - 0x00007ffb25051000 	C:\Program Files\Java\jdk-11.0.6\bin\verify.dll
0x00007ffb24630000 - 0x00007ffb247b9000 	C:\windows\SYSTEM32\DBGHELP.DLL
0x00007ffb242d0000 - 0x00007ffb242f9000 	C:\Program Files\Java\jdk-11.0.6\bin\java.dll
0x00007ffb24950000 - 0x00007ffb24966000 	C:\Program Files\Java\jdk-11.0.6\bin\zip.dll
0x00007ffb25030000 - 0x00007ffb2503a000 	C:\Program Files\Java\jdk-11.0.6\bin\jimage.dll
0x00007ffb33490000 - 0x00007ffb349b9000 	C:\windows\system32\SHELL32.dll
0x00007ffb32710000 - 0x00007ffb32922000 	C:\windows\SYSTEM32\combase.dll
0x00007ffb34a20000 - 0x00007ffb34a74000 	C:\windows\system32\SHLWAPI.dll
0x00007ffb30390000 - 0x00007ffb30442000 	C:\windows\SYSTEM32\SHCORE.dll
0x00007ffb31fb0000 - 0x00007ffb31fc5000 	C:\windows\SYSTEM32\profapi.dll
0x00007ffb24280000 - 0x00007ffb24299000 	C:\Program Files\Java\jdk-11.0.6\bin\net.dll
0x00007ffb2a650000 - 0x00007ffb2a717000 	C:\windows\SYSTEM32\WINHTTP.dll
0x00007ffb318b0000 - 0x00007ffb31909000 	C:\windows\system32\mswsock.dll
0x00007ffb24260000 - 0x00007ffb24273000 	C:\Program Files\Java\jdk-11.0.6\bin\nio.dll
0x00007ffb31910000 - 0x00007ffb31930000 	C:\windows\SYSTEM32\CRYPTSP.dll
0x00007ffb314e0000 - 0x00007ffb31516000 	C:\windows\system32\rsaenh.dll
0x00007ffb31b60000 - 0x00007ffb31b86000 	C:\windows\SYSTEM32\bcrypt.dll
0x00007ffb315f0000 - 0x00007ffb31611000 	C:\windows\SYSTEM32\USERENV.dll
0x00007ffb31e80000 - 0x00007ffb31ee3000 	C:\windows\system32\bcryptprimitives.dll
0x00007ffb31ef0000 - 0x00007ffb31efb000 	C:\windows\SYSTEM32\CRYPTBASE.dll
0x00007ffb2d3a0000 - 0x00007ffb2d3ca000 	C:\windows\SYSTEM32\IPHLPAPI.DLL
0x00007ffb2d370000 - 0x00007ffb2d37a000 	C:\windows\SYSTEM32\WINNSI.DLL
0x00007ffb2cb90000 - 0x00007ffb2cba6000 	C:\windows\SYSTEM32\dhcpcsvc6.DLL
0x00007ffb2cfa0000 - 0x00007ffb2cfba000 	C:\windows\SYSTEM32\dhcpcsvc.DLL
0x00007ffb231d0000 - 0x00007ffb231f9000 	C:\Users\Nasteexo\.vscode\extensions\redhat.java-0.55.1\server\config_win\org.eclipse.equinox.launcher\org.eclipse.equinox.launcher.win32.win32.x86_64_1.1.1100.v20190907-0426\eclipse_1902.dll
0x00007ffb23da0000 - 0x00007ffb23db1000 	C:\Users\Nasteexo\.vscode\extensions\redhat.java-0.55.1\server\config_win\org.eclipse.osgi\20\0\.cp\jWinHttp-1.0.0.dll
0x00007ffb32940000 - 0x00007ffb32ad4000 	C:\windows\system32\ole32.dll
0x00007ffb231c0000 - 0x00007ffb231cd000 	C:\Program Files\Java\jdk-11.0.6\bin\sunmscapi.dll
0x00007ffb32080000 - 0x00007ffb3225f000 	C:\windows\system32\CRYPT32.dll
0x00007ffb31b30000 - 0x00007ffb31b55000 	C:\windows\SYSTEM32\ncrypt.dll
0x00007ffb32060000 - 0x00007ffb32071000 	C:\windows\system32\MSASN1.dll
0x00007ffb31af0000 - 0x00007ffb31b27000 	C:\windows\SYSTEM32\NTASN1.dll
0x00007ffb22d70000 - 0x00007ffb22d97000 	C:\Program Files\Java\jdk-11.0.6\bin\sunec.dll
0x00007ffb316b0000 - 0x00007ffb31754000 	C:\windows\SYSTEM32\DNSAPI.dll
0x00007ffb28890000 - 0x00007ffb2889a000 	C:\Windows\System32\rasadhlp.dll
0x00007ffb2cfc0000 - 0x00007ffb2d02b000 	C:\windows\System32\fwpuclnt.dll

dbghelp: loaded successfully - version: 4.0.5 - missing functions: none
symbol engine: initialized successfully - sym options: 0x614 - pdb path: .;C:\Program Files\Java\jdk-11.0.6\bin;C:\windows\SYSTEM32;C:\windows\WinSxS\amd64_microsoft.windows.common-controls_6595b64144ccf1df_6.0.9600.18006_none_623f33d3ecbe86e8;C:\Program Files\Java\jdk-11.0.6\bin\server;C:\Users\Nasteexo\.vscode\extensions\redhat.java-0.55.1\server\config_win\org.eclipse.equinox.launcher\org.eclipse.equinox.launcher.win32.win32.x86_64_1.1.1100.v20190907-0426;C:\Users\Nasteexo\.vscode\extensions\redhat.java-0.55.1\server\config_win\org.eclipse.osgi\20\0\.cp

VM Arguments:
jvm_args: --add-modules=ALL-SYSTEM --add-opens=java.base/java.util=ALL-UNNAMED --add-opens=java.base/java.lang=ALL-UNNAMED -Declipse.application=org.eclipse.jdt.ls.core.id1 -Dosgi.bundles.defaultStartLevel=4 -Declipse.product=org.eclipse.jdt.ls.core.product -Dfile.encoding=utf8 -DwatchParentProcess=false -Xverify:none -Xmx1G -XX:+UseG1GC -XX:+UseStringDeduplication 
java_command: c:\Users\Nasteexo\.vscode\extensions\redhat.java-0.55.1\server\plugins\org.eclipse.equinox.launcher_1.5.600.v20191014-2022.jar -configuration c:\Users\Nasteexo\.vscode\extensions\redhat.java-0.55.1\server\config_win -data c:\Users\Nasteexo\AppData\Roaming\Code\User\workspaceStorage\d71d3692b119f11000b5b6f3c3e07b40\redhat.java\jdt_ws
java_class_path (initial): c:\Users\Nasteexo\.vscode\extensions\redhat.java-0.55.1\server\plugins\org.eclipse.equinox.launcher_1.5.600.v20191014-2022.jar
Launcher Type: SUN_STANDARD

[Global flags]
     bool BytecodeVerificationLocal                = false                                     {product} {command line}
     bool BytecodeVerificationRemote               = false                                     {product} {command line}
     intx CICompilerCount                          = 3                                         {product} {ergonomic}
     uint ConcGCThreads                            = 1                                         {product} {ergonomic}
     uint G1ConcRefinementThreads                  = 4                                         {product} {ergonomic}
   size_t G1HeapRegionSize                         = 1048576                                   {product} {ergonomic}
    uintx GCDrainStackTargetSize                   = 64                                        {product} {ergonomic}
   size_t InitialHeapSize                          = 67108864                                  {product} {ergonomic}
   size_t MarkStackSize                            = 4194304                                   {product} {ergonomic}
   size_t MaxHeapSize                              = 1073741824                                {product} {command line}
   size_t MaxNewSize                               = 643825664                                 {product} {ergonomic}
   size_t MinHeapDeltaBytes                        = 1048576                                   {product} {ergonomic}
    uintx NonNMethodCodeHeapSize                   = 5830732                                {pd product} {ergonomic}
    uintx NonProfiledCodeHeapSize                  = 122913754                              {pd product} {ergonomic}
    uintx ProfiledCodeHeapSize                     = 122913754                              {pd product} {ergonomic}
    uintx ReservedCodeCacheSize                    = 251658240                              {pd product} {ergonomic}
     bool SegmentedCodeCache                       = true                                      {product} {ergonomic}
     bool UseCompressedClassPointers               = true                                 {lp64_product} {ergonomic}
     bool UseCompressedOops                        = true                                 {lp64_product} {ergonomic}
     bool UseG1GC                                  = true                                      {product} {command line}
     bool UseLargePagesIndividualAllocation        = false                                  {pd product} {ergonomic}
     bool UseStringDeduplication                   = true                                      {product} {command line}

Logging:
Log output configuration:
 #0: stdout all=warning uptime,level,tags
 #1: stderr all=off uptime,level,tags

Environment Variables:
PATH=C:\Program Files (x86)\Google\Chrome\Application;C:\Program Files\Java\jdk-11.0.6\bin;C:\Users\Nasteexo\AppData\Local\Programs\Python\Python38-32\Scripts\;C:\Users\Nasteexo\AppData\Local\Programs\Python\Python38-32\;C:\Users\Nasteexo\AppData\Roaming\Smilebox;C:\Users\Nasteexo\AppData\Local\atom\bin;C:\Users\Nasteexo\AppData\Local\Programs\Microsoft VS Code\bin;C:\Users\Nasteexo\AppData\Local\GitHubDesktop\bin
USERNAME=Nasteexo
OS=Windows_NT
PROCESSOR_IDENTIFIER=Intel64 Family 6 Model 69 Stepping 1, GenuineIntel



---------------  S Y S T E M  ---------------

OS: Windows 8.1 , 64 bit Build 9600 (6.3.9600.17415)

CPU:total 4 (initial active 4) (2 cores per cpu, 2 threads per core) family 6 model 69 stepping 1, cmov, cx8, fxsr, mmx, sse, sse2, sse3, ssse3, sse4.1, sse4.2, popcnt, avx, avx2, aes, clmul, erms, lzcnt, ht, tsc, tscinvbit, bmi1, bmi2, fma

Memory: 4k page, system-wide physical 4001M (448M free)
TotalPageFile size 4950M (AvailPageFile size 136M)
current process WorkingSet (physical memory assigned to process): 355M, peak: 363M
current process commit charge ("private bytes"): 380M, peak: 519M

vm_info: Java HotSpot(TM) 64-Bit Server VM (11.0.6+8-LTS) for windows-amd64 JRE (11.0.6+8-LTS), built on Dec 11 2019 09:17:57 by "mach5one" with MS VC++ 15.5 (VS2017)

END.
